{
  "stats": {
    "suites": 1,
    "tests": 7,
    "passes": 7,
    "pending": 0,
    "failures": 0,
    "start": "2020-05-19T05:27:44.985Z",
    "end": "2020-05-19T05:27:52.730Z",
    "duration": 7745,
    "testsRegistered": 7,
    "passPercent": 100,
    "pendingPercent": 0,
    "other": 0,
    "hasOther": false,
    "skipped": 0,
    "hasSkipped": false,
    "passPercentClass": "success",
    "pendingPercentClass": "danger"
  },
  "suites": {
    "uuid": "d3689123-21ee-48a7-ac81-ad2a7d23b621",
    "title": "",
    "fullFile": "cypress\\integration\\todo_spec.js",
    "file": "cypress\\integration\\todo_spec.js",
    "beforeHooks": [],
    "afterHooks": [],
    "tests": [],
    "suites": [
      {
        "uuid": "b3f6aefb-e9d8-4aee-9351-05e4a4bf7cb6",
        "title": "ToDo React",
        "fullFile": "",
        "file": "",
        "beforeHooks": [],
        "afterHooks": [],
        "tests": [
          {
            "title": "should show the correct page title",
            "fullTitle": "ToDo React should show the correct page title",
            "duration": 3072,
            "state": "passed",
            "speed": "slow",
            "pass": true,
            "fail": false,
            "pending": false,
            "code": "cy.title().should('include', 'React • TodoMVC');",
            "err": {},
            "isRoot": false,
            "uuid": "95c68b61-5fb7-4789-97de-f0274f60ea91",
            "isHook": false,
            "skipped": false
          },
          {
            "title": "should allow to create first todo item",
            "fullTitle": "ToDo React should allow to create first todo item",
            "duration": 1194,
            "state": "passed",
            "speed": "slow",
            "pass": true,
            "fail": false,
            "pending": false,
            "code": "var toDoItem = faker.lorem.sentence();\ncy.get('.new-todo').type(\"\".concat(toDoItem, \"{enter}\"));\ncy.get('.todo-count').should('have.text', '1 item left');\ncy.contains('li', toDoItem).should('exist');",
            "err": {},
            "isRoot": false,
            "uuid": "b6788282-0141-4efe-adcf-87eb3c1940d9",
            "isHook": false,
            "skipped": false
          },
          {
            "title": "should increment total todo when adding another item",
            "fullTitle": "ToDo React should increment total todo when adding another item",
            "duration": 535,
            "state": "passed",
            "speed": "slow",
            "pass": true,
            "fail": false,
            "pending": false,
            "code": "var toDoItem = faker.lorem.sentence();\ncy.get('.new-todo').type(\"\".concat(toDoItem, \"{enter}\"));\ncy.get('.todo-count').should('have.text', '2 items left');\ncy.contains('li', toDoItem).should('exist');",
            "err": {},
            "isRoot": false,
            "uuid": "167e4563-d3df-4628-a62a-9c1beeca8449",
            "isHook": false,
            "skipped": false
          },
          {
            "title": "should mark todo-item completed",
            "fullTitle": "ToDo React should mark todo-item completed",
            "duration": 220,
            "state": "passed",
            "speed": "slow",
            "pass": true,
            "fail": false,
            "pending": false,
            "code": "cy.get('.new-todo').type('word{enter}');\ncy.contains('li', 'word').find('.toggle').check();",
            "err": {},
            "isRoot": false,
            "uuid": "9f5891d4-014f-4953-bd57-a6c90fa951e9",
            "isHook": false,
            "skipped": false
          },
          {
            "title": "should mark all completed",
            "fullTitle": "ToDo React should mark all completed",
            "duration": 431,
            "state": "passed",
            "speed": "slow",
            "pass": true,
            "fail": false,
            "pending": false,
            "code": "var toDoItem = faker.lorem.sentence();\ncy.get('.new-todo').type(\"\".concat(toDoItem, \"{enter}\"));\ncy.contains('li', toDoItem).should('exist');\ncy.get('.toggle-all').should('have.prop', 'checked');",
            "err": {},
            "isRoot": false,
            "uuid": "1a06a4bb-d3bb-4fe1-8cc1-9f8433d55b69",
            "isHook": false,
            "skipped": false
          },
          {
            "title": "should display clear completed",
            "fullTitle": "ToDo React should display clear completed",
            "duration": 17,
            "state": "passed",
            "speed": "fast",
            "pass": true,
            "fail": false,
            "pending": false,
            "code": "cy.get('.toggle-all');\ncy.get('.clear-completed').contains('Clear completed');",
            "err": {},
            "isRoot": false,
            "uuid": "0b462983-3ef9-48c2-9958-011ba6e2528d",
            "isHook": false,
            "skipped": false
          },
          {
            "title": "should remove completed items when clicked",
            "fullTitle": "ToDo React should remove completed items when clicked",
            "duration": 89,
            "state": "passed",
            "speed": "slow",
            "pass": true,
            "fail": false,
            "pending": false,
            "code": "cy.get('.toggle-all').should('have.prop', 'checked');\ncy.get('.clear-completed').click();",
            "err": {},
            "isRoot": false,
            "uuid": "5f7e0223-723c-43b2-82c5-6ec24a7d7c64",
            "isHook": false,
            "skipped": false
          }
        ],
        "suites": [],
        "passes": [
          "95c68b61-5fb7-4789-97de-f0274f60ea91",
          "b6788282-0141-4efe-adcf-87eb3c1940d9",
          "167e4563-d3df-4628-a62a-9c1beeca8449",
          "9f5891d4-014f-4953-bd57-a6c90fa951e9",
          "1a06a4bb-d3bb-4fe1-8cc1-9f8433d55b69",
          "0b462983-3ef9-48c2-9958-011ba6e2528d",
          "5f7e0223-723c-43b2-82c5-6ec24a7d7c64"
        ],
        "failures": [],
        "pending": [],
        "skipped": [],
        "duration": 5558,
        "root": false,
        "rootEmpty": false,
        "_timeout": 2000
      }
    ],
    "passes": [],
    "failures": [],
    "pending": [],
    "skipped": [],
    "duration": 0,
    "root": true,
    "rootEmpty": true,
    "_timeout": 2000
  },
  "copyrightYear": 2020
}